<html>
<head>
<title>TestNG:  Home Loan</title>
<link href="../testng.css" rel="stylesheet" type="text/css" />
<link href="../my-testng.css" rel="stylesheet" type="text/css" />

<style type="text/css">
.log { display: none;} 
.stack-trace { display: none;} 
</style>
<script type="text/javascript">
<!--
function flip(e) {
  current = e.style.display;
  if (current == 'block') {
    e.style.display = 'none';
    return 0;
  }
  else {
    e.style.display = 'block';
    return 1;
  }
}

function toggleBox(szDivId, elem, msg1, msg2)
{
  var res = -1;  if (document.getElementById) {
    res = flip(document.getElementById(szDivId));
  }
  else if (document.all) {
    // this is the way old msie versions work
    res = flip(document.all[szDivId]);
  }
  if(elem) {
    if(res == 0) elem.innerHTML = msg1; else elem.innerHTML = msg2;
  }

}

function toggleAllBoxes() {
  if (document.getElementsByTagName) {
    d = document.getElementsByTagName('div');
    for (i = 0; i < d.length; i++) {
      if (d[i].className == 'log') {
        flip(d[i]);
      }
    }
  }
}

// -->
</script>

</head>
<body>
<h2 align='center'>Home Loan</h2><table border='1' align="center">
<tr>
<td>Tests passed/Failed/Skipped:</td><td>9/0/0</td>
</tr><tr>
<td>Started on:</td><td>Sun Dec 29 19:33:15 IST 2024</td>
</tr>
<tr><td>Total time:</td><td>0 seconds (44 ms)</td>
</tr><tr>
<td>Included groups:</td><td></td>
</tr><tr>
<td>Excluded groups:</td><td></td>
</tr>
</table><p/>
<small><i>(Hover the method name to see the test class name)</i></small><p/>
<table width='100%' border='1' class='invocation-failed'>
<tr><td colspan='4' align='center'><b>FAILED TESTS</b></td></tr>
<tr><td><b>Test method</b></td>
<td width="30%"><b>Exception</b></td>
<td width="10%"><b>Time (seconds)</b></td>
<td><b>Instance</b></td>
</tr>
<tr>
<td title='testngTutorial.Test1.Demo()'><b>Demo</b><br>Test class: testngTutorial.Test1</td>
<td><div><pre>java.lang.AssertionError: expected [true] but found [false]
	at testngTutorial.Test1.Demo(Test1.java:26)
	at java.base/java.util.ArrayList.forEach(ArrayList.java:1596)
... Removed 29 stack frames</pre></div><a href='#' onClick='toggleBox("stack-trace109228794", this, "Click to show all stack frames", "Click to hide stack frames")'>Click to show all stack frames</a>
<div class='stack-trace' id='stack-trace109228794'><pre>java.lang.AssertionError: expected [true] but found [false]
	at org.testng.Assert.fail(Assert.java:97)
	at org.testng.Assert.failNotEquals(Assert.java:969)
	at org.testng.Assert.assertTrue(Assert.java:43)
	at org.testng.Assert.assertTrue(Assert.java:53)
	at testngTutorial.Test1.Demo(Test1.java:26)
	at java.base/jdk.internal.reflect.DirectMethodHandleAccessor.invoke(DirectMethodHandleAccessor.java:103)
	at java.base/java.lang.reflect.Method.invoke(Method.java:580)
	at org.testng.internal.MethodInvocationHelper.invokeMethod(MethodInvocationHelper.java:134)
	at org.testng.internal.TestInvoker.invokeMethod(TestInvoker.java:597)
	at org.testng.internal.TestInvoker.invokeTestMethod(TestInvoker.java:173)
	at org.testng.internal.MethodRunner.runInSequence(MethodRunner.java:46)
	at org.testng.internal.TestInvoker$MethodInvocationAgent.invoke(TestInvoker.java:816)
	at org.testng.internal.TestInvoker.invokeTestMethods(TestInvoker.java:146)
	at org.testng.internal.TestMethodWorker.invokeTestMethods(TestMethodWorker.java:146)
	at org.testng.internal.TestMethodWorker.run(TestMethodWorker.java:128)
	at java.base/java.util.ArrayList.forEach(ArrayList.java:1596)
	at org.testng.TestRunner.privateRun(TestRunner.java:766)
	at org.testng.TestRunner.run(TestRunner.java:587)
	at org.testng.SuiteRunner.runTest(SuiteRunner.java:384)
	at org.testng.SuiteRunner.runSequentially(SuiteRunner.java:378)
	at org.testng.SuiteRunner.privateRun(SuiteRunner.java:337)
	at org.testng.SuiteRunner.run(SuiteRunner.java:286)
	at org.testng.SuiteRunnerWorker.runSuite(SuiteRunnerWorker.java:53)
	at org.testng.SuiteRunnerWorker.run(SuiteRunnerWorker.java:96)
	at org.testng.TestNG.runSuitesSequentially(TestNG.java:1187)
	at org.testng.TestNG.runSuitesLocally(TestNG.java:1109)
	at org.testng.TestNG.runSuites(TestNG.java:1039)
	at org.testng.TestNG.run(TestNG.java:1007)
	at org.testng.remote.AbstractRemoteTestNG.run(AbstractRemoteTestNG.java:115)
	at org.testng.remote.RemoteTestNG.initAndRun(RemoteTestNG.java:251)
	at org.testng.remote.RemoteTestNG.main(RemoteTestNG.java:77)
</pre></div></td>
<td>0</td>
<td>testngTutorial.Test1@3c130745</td></tr>
</table><p>
<table width='100%' border='1' class='invocation-passed'>
<tr><td colspan='4' align='center'><b>PASSED TESTS</b></td></tr>
<tr><td><b>Test method</b></td>
<td width="30%"><b>Exception</b></td>
<td width="10%"><b>Time (seconds)</b></td>
<td><b>Instance</b></td>
</tr>
<tr>
<td title='testngTutorial.Test1.Demo1()'><b>Demo1</b><br>Test class: testngTutorial.Test1</td>
<td></td>
<td>0</td>
<td>testngTutorial.Test1@3c130745</td></tr>
<tr>
<td title='testngTutorial.Test2.Demo3()'><b>Demo3</b><br>Test class: testngTutorial.Test2</td>
<td></td>
<td>0</td>
<td>testngTutorial.Test2@61230f6a</td></tr>
<tr>
<td title='testngTutorial.Test4.apiLoginCarLoan()'><b>apiLoginCarLoan</b><br>Test class: testngTutorial.Test4</td>
<td></td>
<td>0</td>
<td>testngTutorial.Test4@243c4f91</td></tr>
<tr>
<td title='testngTutorial.Test4.mobileLoginCarLoan()'><b>mobileLoginCarLoan</b><br>Test class: testngTutorial.Test4</td>
<td></td>
<td>0</td>
<td>testngTutorial.Test4@243c4f91</td></tr>
<tr>
<td title='testngTutorial.Test3.mobileLoginHomeLoan()'><b>mobileLoginHomeLoan</b><br>Test class: testngTutorial.Test3<br>Parameters: firstsetusername, firstsetpassword</td>
<td></td>
<td>0</td>
<td>testngTutorial.Test3@2ef3eef9</td></tr>
<tr>
<td title='testngTutorial.Test3.mobileLoginHomeLoan()'><b>mobileLoginHomeLoan</b><br>Test class: testngTutorial.Test3<br>Parameters: secondsetusername, secondsetpassword</td>
<td></td>
<td>0</td>
<td>testngTutorial.Test3@2ef3eef9</td></tr>
<tr>
<td title='testngTutorial.Test3.mobileLoginHomeLoan()'><b>mobileLoginHomeLoan</b><br>Test class: testngTutorial.Test3<br>Parameters: thirdsetusername, thirdsetpassword</td>
<td></td>
<td>0</td>
<td>testngTutorial.Test3@2ef3eef9</td></tr>
<tr>
<td title='testngTutorial.Test3.mobileSigninHomeLoan()'><b>mobileSigninHomeLoan</b><br>Test class: testngTutorial.Test3</td>
<td></td>
<td>0</td>
<td>testngTutorial.Test3@2ef3eef9</td></tr>
<tr>
<td title='testngTutorial.Test3.mobileSignoutHomeLoan()'><b>mobileSignoutHomeLoan</b><br>Test class: testngTutorial.Test3</td>
<td></td>
<td>0</td>
<td>testngTutorial.Test3@2ef3eef9</td></tr>
<tr>
<td title='testngTutorial.Test4.webLoginCarLoan()'><b>webLoginCarLoan</b><br>Test class: testngTutorial.Test4</td>
<td></td>
<td>0</td>
<td>testngTutorial.Test4@243c4f91</td></tr>
<tr>
<td title='testngTutorial.Test3.webLoginHomeLoan()'><b>webLoginHomeLoan</b><br>Test class: testngTutorial.Test3<br>Parameters: testing.com</td>
<td></td>
<td>0</td>
<td>testngTutorial.Test3@2ef3eef9</td></tr>
</table><p>
</body>
</html>